<html xmlns:math="http://exslt.org/math" xmlns:testng="http://testng.org">
   <head>
      <title>TestNG Results</title>
      <meta http-equiv="content-type" content="text/html; charset=utf-8"></meta>
      <meta http-equiv="pragma" content="no-cache"></meta>
      <meta http-equiv="cache-control" content="max-age=0"></meta>
      <meta http-equiv="cache-control" content="no-cache"></meta>
      <meta http-equiv="cache-control" content="no-store"></meta>
      <LINK rel="stylesheet" href="style.css"></LINK>
      <script type="text/javascript" src="main.js"></script>
   </head>
   <body>
      <table width="100%" style="font-size: 16px; margin-bottom: 10px;" cellspacing="1">
         <tr>
            <td width="100%">
               All methods in suite
               
               <b>Default suite</b>
            </td>
            <td style="background-color: #FFBBBB; padding: 3px 3px 3px 0;" align="center">
               <div style="width: 50px;">1</div>
            </td>
            <td style="background-color: lightgreen; padding: 3px 3px 3px 0;" align="center">
               <div style="width: 50px;">3</div>
            </td>
            <td style="background-color: #FFFFBB; padding: 3px 3px 3px 0;" align="center">
               <div style="width: 50px;">0</div>
            </td>
            <td align="center" style="background-color: #eaf0f7; padding: 3px 3px 3px 0;">
               <div style="width: 50px;">4</div>
            </td>
            <td align="center"
                style="font-weight: bold; background-color: #eaf0f7; padding: 3px 3px 3px 0;">
               <div style="width: 50px;">75%</div>
            </td>
            <td style="background-color: #eaf0f7; padding: 3px 3px 3px 0;" align="center"
                nowrap="true">43s
               
            </td>
         </tr>
      </table>
      <div style="width: 200px;">
         <label for="groupMethodsCheckBox" style="font-weight: bold; margin: 0;">
            <input id="groupMethodsCheckBox" type="checkbox" onclick="switchTestMethodsView(this)"></input>
            Group by class
            
         </label>
         <br></br>
         <label for="methodsFilter_ALL" style="font-weight: bold; margin: 0;">
            <input id="methodsFilter_ALL" type="checkbox"
                   onclick="testMethodsFilterChanged(this, 'ALL')"></input>
            All
            
         </label>
      </div>
      <label for="methodsFilter_FAIL" style="margin-left: 20px;">
         <input id="methodsFilter_FAIL" type="checkbox"
                onclick="testMethodsFilterChanged(this, 'FAIL')"
                checked=""></input>
         Failed
         
      </label>
      <label for="methodsFilter_PASS">
         <input id="methodsFilter_PASS" type="checkbox"
                onclick="testMethodsFilterChanged(this, 'PASS')"
                checked=""></input>
         Passed
         
      </label>
      <label for="methodsFilter_SKIP">
         <input id="methodsFilter_SKIP" type="checkbox"
                onclick="testMethodsFilterChanged(this, 'SKIP')"
                checked=""></input>
         Skipped
         
      </label>
      <label for="methodsFilter_CONF">
         <input id="methodsFilter_CONF" type="checkbox"
                onclick="testMethodsFilterChanged(this, 'CONF')"></input>
         Config
         
      </label>
      <br></br>
      <div id="testMethodsByStatus">
         <table class="testMethodsTable" cellpadding="0" cellspacing="0">
            <tr class="methodsTableHeader">
               <td width="100%">Name</td>
               <td nowrap="true">Started</td>
               <td nowrap="true">Duration</td>
               <td>Exception</td>
            </tr>
            <tr id="tests.LoginTest_loginWithWrongEmailPasswordTest_byStatus_failed_FAIL1_row"
                class="testMethodStatusFAIL">
               <td width="100%" class="firstMethodCell">
                  <a onclick="toggleDetailsVisibility('tests.LoginTest_loginWithWrongEmailPasswordTest_byStatus_failed_FAIL1_details')">loginWithWrongEmailPasswordTest()</a>
               </td>
               <td nowrap="true">15:47:48</td>
               <td nowrap="true" align="right">2s
                  
               </td>
               <td nowrap="true">
                  <a onclick="toggleDetailsVisibility('tests.LoginTest_loginWithWrongEmailPasswordTest_byStatus_failed_FAIL1_exception')">org.openqa.selenium.NoSuchWindowException: 
                     Browsing context has been discarded
                     Build info: version: '4.10.0', revision: 'c14d967899'
                     System info: os.name: 'Mac OS X', os.arch: 'x86_64', os.version: '10.16', java.version: '14.0.2'
                     Driver info: org.openqa.selenium.firefox.FirefoxDriver
                     Command: [e5491a72-a458-4bb4-9638-7ef9083078f4, findElement {using=id, value=globalError}]
                     Capabilities {acceptInsecureCerts: true, browserName: firefox, browserVersion: 116.0.2, moz:accessibilityChecks: false, moz:buildID:
                     20230805021307, moz:debuggerAddress: 127.0.0.1:3901, moz:geckodriverVersion: 0.33.0, moz:headless: false, moz:platformVersion:
                     22.5.0, moz:processID: 58423, moz:profile: /var/folders/45/zb3tjxv94t5..., moz:shutdownTimeout: 60000, moz:webdriverClick:
                     true, moz:windowless: false, pageLoadStrategy: normal, platformName: mac, proxy: Proxy(), se:cdp: ws://127.0.0.1:3901/devtool...,
                     se:cdpVersion: 85.0, setWindowRect: true, strictFileInteractability: false, timeouts: {implicit: 0, pageLoad: 300000, script:
                     30000}, unhandledPromptBehavior: dismiss and notify}
                     Session ID: e5491a72-a458-4bb4-9638-7ef9083078f4
                     
                  </a>
                   
                  
               </td>
            </tr>
            <tr>
               <td colspan="4" class="detailsBox">
                  <div id="tests.LoginTest_loginWithWrongEmailPasswordTest_byStatus_failed_FAIL1_details"
                       class="testMethodDetails">
                     <div>
                        <b>Name: </b>loginWithWrongEmailPasswordTest
                     </div>
                     <div>
                        <b>Signature: </b>loginWithWrongEmailPasswordTest()[pri:4, instance:tests.LoginTest@30b6ffe0]
                     </div>
                     <div>
                        <b>Start time: </b>15:47:48
                     </div>
                     <div>
                        <b>End time: </b>15:47:51
                     </div>
                     <div>
                        <b>Duration: </b>2s
                        
                     </div>
                  </div>
               </td>
            </tr>
            <tr>
               <td colspan="4" class="detailsBox">
                  <div id="tests.LoginTest_loginWithWrongEmailPasswordTest_byStatus_failed_FAIL1_exception"
                       class="testMethodDetails">
                     <pre style="padding: 5px; margin: 0;">org.openqa.selenium.NoSuchWindowException: Browsing context has been discarded
                        Build info: version: '4.10.0', revision: 'c14d967899'
                        System info: os.name: 'Mac OS X', os.arch: 'x86_64', os.version: '10.16', java.version: '14.0.2'
                        Driver info: org.openqa.selenium.firefox.FirefoxDriver
                        Command: [e5491a72-a458-4bb4-9638-7ef9083078f4, findElement {using=id, value=globalError}]
                        Capabilities {acceptInsecureCerts: true, browserName: firefox, browserVersion: 116.0.2, moz:accessibilityChecks: false, moz:buildID:
                        20230805021307, moz:debuggerAddress: 127.0.0.1:3901, moz:geckodriverVersion: 0.33.0, moz:headless: false, moz:platformVersion:
                        22.5.0, moz:processID: 58423, moz:profile: /var/folders/45/zb3tjxv94t5..., moz:shutdownTimeout: 60000, moz:webdriverClick:
                        true, moz:windowless: false, pageLoadStrategy: normal, platformName: mac, proxy: Proxy(), se:cdp: ws://127.0.0.1:3901/devtool...,
                        se:cdpVersion: 85.0, setWindowRect: true, strictFileInteractability: false, timeouts: {implicit: 0, pageLoad: 300000, script:
                        30000}, unhandledPromptBehavior: dismiss and notify}
                        Session ID: e5491a72-a458-4bb4-9638-7ef9083078f4
                        at java.base/jdk.internal.reflect.NativeConstructorAccessorImpl.newInstance0(Native Method)
                        at java.base/jdk.internal.reflect.NativeConstructorAccessorImpl.newInstance(NativeConstructorAccessorImpl.java:62)
                        at java.base/jdk.internal.reflect.DelegatingConstructorAccessorImpl.newInstance(DelegatingConstructorAccessorImpl.java:45)
                        at java.base/java.lang.reflect.Constructor.newInstanceWithCaller(Constructor.java:500)
                        at java.base/java.lang.reflect.Constructor.newInstance(Constructor.java:481)
                        at org.openqa.selenium.remote.codec.w3c.W3CHttpResponseCodec.createException(W3CHttpResponseCodec.java:199)
                        at org.openqa.selenium.remote.codec.w3c.W3CHttpResponseCodec.decode(W3CHttpResponseCodec.java:132)
                        at org.openqa.selenium.remote.codec.w3c.W3CHttpResponseCodec.decode(W3CHttpResponseCodec.java:51)
                        at org.openqa.selenium.remote.HttpCommandExecutor.execute(HttpCommandExecutor.java:191)
                        at org.openqa.selenium.remote.service.DriverCommandExecutor.invokeExecute(DriverCommandExecutor.java:196)
                        at org.openqa.selenium.remote.service.DriverCommandExecutor.execute(DriverCommandExecutor.java:171)
                        at org.openqa.selenium.remote.RemoteWebDriver.execute(RemoteWebDriver.java:531)
                        at org.openqa.selenium.remote.ElementLocation$ElementFinder$2.findElement(ElementLocation.java:165)
                        at org.openqa.selenium.remote.ElementLocation.findElement(ElementLocation.java:59)
                        at org.openqa.selenium.remote.RemoteWebDriver.findElement(RemoteWebDriver.java:350)
                        at org.openqa.selenium.remote.RemoteWebDriver.findElement(RemoteWebDriver.java:344)
                        at org.openqa.selenium.support.pagefactory.DefaultElementLocator.findElement(DefaultElementLocator.java:68)
                        at org.openqa.selenium.support.pagefactory.internal.LocatingElementHandler.invoke(LocatingElementHandler.java:38)
                        at com.sun.proxy.$Proxy15.getText(Unknown Source)
                        at pages.LoginPage.readGlobalErr(LoginPage.java:90)
                        at tests.LoginTest.loginWithWrongEmailPasswordTest(LoginTest.java:51)
                        at java.base/jdk.internal.reflect.NativeMethodAccessorImpl.invoke0(Native Method)
                        at java.base/jdk.internal.reflect.NativeMethodAccessorImpl.invoke(NativeMethodAccessorImpl.java:62)
                        at java.base/jdk.internal.reflect.DelegatingMethodAccessorImpl.invoke(DelegatingMethodAccessorImpl.java:43)
                        at java.base/java.lang.reflect.Method.invoke(Method.java:564)
                        at org.testng.internal.invokers.MethodInvocationHelper.invokeMethod(MethodInvocationHelper.java:139)
                        at org.testng.internal.invokers.TestInvoker.invokeMethod(TestInvoker.java:664)
                        at org.testng.internal.invokers.TestInvoker.invokeTestMethod(TestInvoker.java:227)
                        at org.testng.internal.invokers.MethodRunner.runInSequence(MethodRunner.java:50)
                        at org.testng.internal.invokers.TestInvoker$MethodInvocationAgent.invoke(TestInvoker.java:957)
                        at org.testng.internal.invokers.TestInvoker.invokeTestMethods(TestInvoker.java:200)
                        at org.testng.internal.invokers.TestMethodWorker.invokeTestMethods(TestMethodWorker.java:148)
                        at org.testng.internal.invokers.TestMethodWorker.run(TestMethodWorker.java:128)
                        at java.base/java.util.ArrayList.forEach(ArrayList.java:1511)
                        at org.testng.TestRunner.privateRun(TestRunner.java:848)
                        at org.testng.TestRunner.run(TestRunner.java:621)
                        at org.testng.SuiteRunner.runTest(SuiteRunner.java:443)
                        at org.testng.SuiteRunner.runSequentially(SuiteRunner.java:437)
                        at org.testng.SuiteRunner.privateRun(SuiteRunner.java:397)
                        at org.testng.SuiteRunner.run(SuiteRunner.java:336)
                        at org.testng.SuiteRunnerWorker.runSuite(SuiteRunnerWorker.java:52)
                        at org.testng.SuiteRunnerWorker.run(SuiteRunnerWorker.java:95)
                        at org.testng.TestNG.runSuitesSequentially(TestNG.java:1280)
                        at org.testng.TestNG.runSuitesLocally(TestNG.java:1200)
                        at org.testng.TestNG.runSuites(TestNG.java:1114)
                        at org.testng.TestNG.run(TestNG.java:1082)
                        at org.testng.remote.AbstractRemoteTestNG.run(AbstractRemoteTestNG.java:115)
                        at org.testng.remote.RemoteTestNG.initAndRun(RemoteTestNG.java:251)
                        at org.testng.remote.RemoteTestNG.main(RemoteTestNG.java:77)
                     </pre>
                  </div>
               </td>
            </tr>
            <tr id="tests.LoginTest_beforeMethod_byStatus_passed_PASS1_row"
                class="testMethodStatusPASS testMethodStatusCONF">
               <td width="100%" class="firstMethodCell">
                  <a onclick="toggleDetailsVisibility('tests.LoginTest_beforeMethod_byStatus_passed_PASS1_details')">beforeMethod()</a>
               </td>
               <td nowrap="true">15:47:08</td>
               <td nowrap="true" align="right">10s
                  
               </td>
               <td nowrap="true">
                   
                  
               </td>
            </tr>
            <tr>
               <td colspan="4" class="detailsBox">
                  <div id="tests.LoginTest_beforeMethod_byStatus_passed_PASS1_details"
                       class="testMethodDetails">
                     <div>
                        <b>Name: </b>beforeMethod
                     </div>
                     <div>
                        <b>Signature: </b>beforeMethod()[pri:0, instance:tests.LoginTest@30b6ffe0]
                     </div>
                     <div>
                        <b>Start time: </b>15:47:08
                     </div>
                     <div>
                        <b>End time: </b>15:47:19
                     </div>
                     <div>
                        <b>Duration: </b>10s
                        
                     </div>
                  </div>
               </td>
            </tr>
            <tr></tr>
            <tr id="tests.LoginTest_loginWithSpecialCharEmailTest_byStatus_passed_PASS2_row"
                class="testMethodStatusPASS">
               <td width="100%" class="firstMethodCell">
                  <a onclick="toggleDetailsVisibility('tests.LoginTest_loginWithSpecialCharEmailTest_byStatus_passed_PASS2_details')">loginWithSpecialCharEmailTest()</a>
               </td>
               <td nowrap="true">15:47:19</td>
               <td nowrap="true" align="right">2s
                  
               </td>
               <td nowrap="true">
                   
                  
               </td>
            </tr>
            <tr>
               <td colspan="4" class="detailsBox">
                  <div id="tests.LoginTest_loginWithSpecialCharEmailTest_byStatus_passed_PASS2_details"
                       class="testMethodDetails">
                     <div>
                        <b>Name: </b>loginWithSpecialCharEmailTest
                     </div>
                     <div>
                        <b>Signature: </b>loginWithSpecialCharEmailTest()[pri:1, instance:tests.LoginTest@30b6ffe0]
                     </div>
                     <div>
                        <b>Start time: </b>15:47:19
                     </div>
                     <div>
                        <b>End time: </b>15:47:22
                     </div>
                     <div>
                        <b>Duration: </b>2s
                        
                     </div>
                  </div>
               </td>
            </tr>
            <tr></tr>
            <tr id="tests.LoginTest_afterMethod_byStatus_passed_PASS3_row"
                class="testMethodStatusPASS testMethodStatusCONF">
               <td width="100%" class="firstMethodCell">
                  <a onclick="toggleDetailsVisibility('tests.LoginTest_afterMethod_byStatus_passed_PASS3_details')">afterMethod()</a>
               </td>
               <td nowrap="true">15:47:22</td>
               <td nowrap="true" align="right">908 ms
                  
               </td>
               <td nowrap="true">
                   
                  
               </td>
            </tr>
            <tr>
               <td colspan="4" class="detailsBox">
                  <div id="tests.LoginTest_afterMethod_byStatus_passed_PASS3_details"
                       class="testMethodDetails">
                     <div>
                        <b>Name: </b>afterMethod
                     </div>
                     <div>
                        <b>Signature: </b>afterMethod()[pri:0, instance:tests.LoginTest@30b6ffe0]
                     </div>
                     <div>
                        <b>Start time: </b>15:47:22
                     </div>
                     <div>
                        <b>End time: </b>15:47:23
                     </div>
                     <div>
                        <b>Duration: </b>908 ms
                        
                     </div>
                  </div>
               </td>
            </tr>
            <tr></tr>
            <tr id="tests.LoginTest_beforeMethod_byStatus_passed_PASS4_row"
                class="testMethodStatusPASS testMethodStatusCONF">
               <td width="100%" class="firstMethodCell">
                  <a onclick="toggleDetailsVisibility('tests.LoginTest_beforeMethod_byStatus_passed_PASS4_details')">beforeMethod()</a>
               </td>
               <td nowrap="true">15:47:23</td>
               <td nowrap="true" align="right">5s
                  
               </td>
               <td nowrap="true">
                   
                  
               </td>
            </tr>
            <tr>
               <td colspan="4" class="detailsBox">
                  <div id="tests.LoginTest_beforeMethod_byStatus_passed_PASS4_details"
                       class="testMethodDetails">
                     <div>
                        <b>Name: </b>beforeMethod
                     </div>
                     <div>
                        <b>Signature: </b>beforeMethod()[pri:0, instance:tests.LoginTest@30b6ffe0]
                     </div>
                     <div>
                        <b>Start time: </b>15:47:23
                     </div>
                     <div>
                        <b>End time: </b>15:47:28
                     </div>
                     <div>
                        <b>Duration: </b>5s
                        
                     </div>
                  </div>
               </td>
            </tr>
            <tr></tr>
            <tr id="tests.LoginTest_loginWithEmptyEmailTest_byStatus_passed_PASS5_row"
                class="testMethodStatusPASS">
               <td width="100%" class="firstMethodCell">
                  <a onclick="toggleDetailsVisibility('tests.LoginTest_loginWithEmptyEmailTest_byStatus_passed_PASS5_details')">loginWithEmptyEmailTest()</a>
               </td>
               <td nowrap="true">15:47:28</td>
               <td nowrap="true" align="right">2s
                  
               </td>
               <td nowrap="true">
                   
                  
               </td>
            </tr>
            <tr>
               <td colspan="4" class="detailsBox">
                  <div id="tests.LoginTest_loginWithEmptyEmailTest_byStatus_passed_PASS5_details"
                       class="testMethodDetails">
                     <div>
                        <b>Name: </b>loginWithEmptyEmailTest
                     </div>
                     <div>
                        <b>Signature: </b>loginWithEmptyEmailTest()[pri:2, instance:tests.LoginTest@30b6ffe0]
                     </div>
                     <div>
                        <b>Start time: </b>15:47:28
                     </div>
                     <div>
                        <b>End time: </b>15:47:31
                     </div>
                     <div>
                        <b>Duration: </b>2s
                        
                     </div>
                  </div>
               </td>
            </tr>
            <tr></tr>
            <tr id="tests.LoginTest_afterMethod_byStatus_passed_PASS6_row"
                class="testMethodStatusPASS testMethodStatusCONF">
               <td width="100%" class="firstMethodCell">
                  <a onclick="toggleDetailsVisibility('tests.LoginTest_afterMethod_byStatus_passed_PASS6_details')">afterMethod()</a>
               </td>
               <td nowrap="true">15:47:31</td>
               <td nowrap="true" align="right">788 ms
                  
               </td>
               <td nowrap="true">
                   
                  
               </td>
            </tr>
            <tr>
               <td colspan="4" class="detailsBox">
                  <div id="tests.LoginTest_afterMethod_byStatus_passed_PASS6_details"
                       class="testMethodDetails">
                     <div>
                        <b>Name: </b>afterMethod
                     </div>
                     <div>
                        <b>Signature: </b>afterMethod()[pri:0, instance:tests.LoginTest@30b6ffe0]
                     </div>
                     <div>
                        <b>Start time: </b>15:47:31
                     </div>
                     <div>
                        <b>End time: </b>15:47:31
                     </div>
                     <div>
                        <b>Duration: </b>788 ms
                        
                     </div>
                  </div>
               </td>
            </tr>
            <tr></tr>
            <tr id="tests.LoginTest_beforeMethod_byStatus_passed_PASS7_row"
                class="testMethodStatusPASS testMethodStatusCONF">
               <td width="100%" class="firstMethodCell">
                  <a onclick="toggleDetailsVisibility('tests.LoginTest_beforeMethod_byStatus_passed_PASS7_details')">beforeMethod()</a>
               </td>
               <td nowrap="true">15:47:31</td>
               <td nowrap="true" align="right">6s
                  
               </td>
               <td nowrap="true">
                   
                  
               </td>
            </tr>
            <tr>
               <td colspan="4" class="detailsBox">
                  <div id="tests.LoginTest_beforeMethod_byStatus_passed_PASS7_details"
                       class="testMethodDetails">
                     <div>
                        <b>Name: </b>beforeMethod
                     </div>
                     <div>
                        <b>Signature: </b>beforeMethod()[pri:0, instance:tests.LoginTest@30b6ffe0]
                     </div>
                     <div>
                        <b>Start time: </b>15:47:31
                     </div>
                     <div>
                        <b>End time: </b>15:47:38
                     </div>
                     <div>
                        <b>Duration: </b>6s
                        
                     </div>
                  </div>
               </td>
            </tr>
            <tr></tr>
            <tr id="tests.LoginTest_loginWithEmptyPasswordTest_byStatus_passed_PASS8_row"
                class="testMethodStatusPASS">
               <td width="100%" class="firstMethodCell">
                  <a onclick="toggleDetailsVisibility('tests.LoginTest_loginWithEmptyPasswordTest_byStatus_passed_PASS8_details')">loginWithEmptyPasswordTest()</a>
               </td>
               <td nowrap="true">15:47:38</td>
               <td nowrap="true" align="right">2s
                  
               </td>
               <td nowrap="true">
                   
                  
               </td>
            </tr>
            <tr>
               <td colspan="4" class="detailsBox">
                  <div id="tests.LoginTest_loginWithEmptyPasswordTest_byStatus_passed_PASS8_details"
                       class="testMethodDetails">
                     <div>
                        <b>Name: </b>loginWithEmptyPasswordTest
                     </div>
                     <div>
                        <b>Signature: </b>loginWithEmptyPasswordTest()[pri:3, instance:tests.LoginTest@30b6ffe0]
                     </div>
                     <div>
                        <b>Start time: </b>15:47:38
                     </div>
                     <div>
                        <b>End time: </b>15:47:40
                     </div>
                     <div>
                        <b>Duration: </b>2s
                        
                     </div>
                  </div>
               </td>
            </tr>
            <tr></tr>
            <tr id="tests.LoginTest_afterMethod_byStatus_passed_PASS9_row"
                class="testMethodStatusPASS testMethodStatusCONF">
               <td width="100%" class="firstMethodCell">
                  <a onclick="toggleDetailsVisibility('tests.LoginTest_afterMethod_byStatus_passed_PASS9_details')">afterMethod()</a>
               </td>
               <td nowrap="true">15:47:40</td>
               <td nowrap="true" align="right">804 ms
                  
               </td>
               <td nowrap="true">
                   
                  
               </td>
            </tr>
            <tr>
               <td colspan="4" class="detailsBox">
                  <div id="tests.LoginTest_afterMethod_byStatus_passed_PASS9_details"
                       class="testMethodDetails">
                     <div>
                        <b>Name: </b>afterMethod
                     </div>
                     <div>
                        <b>Signature: </b>afterMethod()[pri:0, instance:tests.LoginTest@30b6ffe0]
                     </div>
                     <div>
                        <b>Start time: </b>15:47:40
                     </div>
                     <div>
                        <b>End time: </b>15:47:41
                     </div>
                     <div>
                        <b>Duration: </b>804 ms
                        
                     </div>
                  </div>
               </td>
            </tr>
            <tr></tr>
            <tr id="tests.LoginTest_beforeMethod_byStatus_passed_PASS10_row"
                class="testMethodStatusPASS testMethodStatusCONF">
               <td width="100%" class="firstMethodCell">
                  <a onclick="toggleDetailsVisibility('tests.LoginTest_beforeMethod_byStatus_passed_PASS10_details')">beforeMethod()</a>
               </td>
               <td nowrap="true">15:47:41</td>
               <td nowrap="true" align="right">6s
                  
               </td>
               <td nowrap="true">
                   
                  
               </td>
            </tr>
            <tr>
               <td colspan="4" class="detailsBox">
                  <div id="tests.LoginTest_beforeMethod_byStatus_passed_PASS10_details"
                       class="testMethodDetails">
                     <div>
                        <b>Name: </b>beforeMethod
                     </div>
                     <div>
                        <b>Signature: </b>beforeMethod()[pri:0, instance:tests.LoginTest@30b6ffe0]
                     </div>
                     <div>
                        <b>Start time: </b>15:47:41
                     </div>
                     <div>
                        <b>End time: </b>15:47:48
                     </div>
                     <div>
                        <b>Duration: </b>6s
                        
                     </div>
                  </div>
               </td>
            </tr>
            <tr></tr>
            <tr id="tests.LoginTest_afterMethod_byStatus_passed_PASS11_row"
                class="testMethodStatusPASS testMethodStatusCONF">
               <td width="100%" class="firstMethodCell">
                  <a onclick="toggleDetailsVisibility('tests.LoginTest_afterMethod_byStatus_passed_PASS11_details')">afterMethod()</a>
               </td>
               <td nowrap="true">15:47:51</td>
               <td nowrap="true" align="right">772 ms
                  
               </td>
               <td nowrap="true">
                   
                  
               </td>
            </tr>
            <tr>
               <td colspan="4" class="detailsBox">
                  <div id="tests.LoginTest_afterMethod_byStatus_passed_PASS11_details"
                       class="testMethodDetails">
                     <div>
                        <b>Name: </b>afterMethod
                     </div>
                     <div>
                        <b>Signature: </b>afterMethod()[pri:0, instance:tests.LoginTest@30b6ffe0]
                     </div>
                     <div>
                        <b>Start time: </b>15:47:51
                     </div>
                     <div>
                        <b>End time: </b>15:47:52
                     </div>
                     <div>
                        <b>Duration: </b>772 ms
                        
                     </div>
                  </div>
               </td>
            </tr>
            <tr></tr>
         </table>
      </div>
      <div id="testMethodsByClass" style="display: none;">
         <table class="testMethodsTable" cellpadding="0" cellspacing="0">
            <tr>
               <td colspan="4">
                  <h3 style="display: inline;">tests.LoginTest</h3>
               </td>
            </tr>
            <tr class="methodsTableHeader">
               <td width="100%">Name</td>
               <td nowrap="true">Started</td>
               <td nowrap="true">Duration</td>
               <td>Exception</td>
            </tr>
            <tr id="tests.LoginTest_beforeMethod_byClass_PASS1_row"
                class="testMethodStatusPASS testMethodStatusCONF">
               <td width="100%" class="firstMethodCell">
                  <a onclick="toggleDetailsVisibility('tests.LoginTest_beforeMethod_byClass_PASS1_details')">beforeMethod()</a>
               </td>
               <td nowrap="true">15:47:08</td>
               <td nowrap="true" align="right">10s
                  
               </td>
               <td nowrap="true">
                   
                  
               </td>
            </tr>
            <tr>
               <td colspan="4" class="detailsBox">
                  <div id="tests.LoginTest_beforeMethod_byClass_PASS1_details"
                       class="testMethodDetails">
                     <div>
                        <b>Name: </b>beforeMethod
                     </div>
                     <div>
                        <b>Signature: </b>beforeMethod()[pri:0, instance:tests.LoginTest@30b6ffe0]
                     </div>
                     <div>
                        <b>Start time: </b>15:47:08
                     </div>
                     <div>
                        <b>End time: </b>15:47:19
                     </div>
                     <div>
                        <b>Duration: </b>10s
                        
                     </div>
                  </div>
               </td>
            </tr>
            <tr></tr>
            <tr id="tests.LoginTest_loginWithSpecialCharEmailTest_byClass_PASS2_row"
                class="testMethodStatusPASS">
               <td width="100%" class="firstMethodCell">
                  <a onclick="toggleDetailsVisibility('tests.LoginTest_loginWithSpecialCharEmailTest_byClass_PASS2_details')">loginWithSpecialCharEmailTest()</a>
               </td>
               <td nowrap="true">15:47:19</td>
               <td nowrap="true" align="right">2s
                  
               </td>
               <td nowrap="true">
                   
                  
               </td>
            </tr>
            <tr>
               <td colspan="4" class="detailsBox">
                  <div id="tests.LoginTest_loginWithSpecialCharEmailTest_byClass_PASS2_details"
                       class="testMethodDetails">
                     <div>
                        <b>Name: </b>loginWithSpecialCharEmailTest
                     </div>
                     <div>
                        <b>Signature: </b>loginWithSpecialCharEmailTest()[pri:1, instance:tests.LoginTest@30b6ffe0]
                     </div>
                     <div>
                        <b>Start time: </b>15:47:19
                     </div>
                     <div>
                        <b>End time: </b>15:47:22
                     </div>
                     <div>
                        <b>Duration: </b>2s
                        
                     </div>
                  </div>
               </td>
            </tr>
            <tr></tr>
            <tr id="tests.LoginTest_afterMethod_byClass_PASS3_row"
                class="testMethodStatusPASS testMethodStatusCONF">
               <td width="100%" class="firstMethodCell">
                  <a onclick="toggleDetailsVisibility('tests.LoginTest_afterMethod_byClass_PASS3_details')">afterMethod()</a>
               </td>
               <td nowrap="true">15:47:22</td>
               <td nowrap="true" align="right">908 ms
                  
               </td>
               <td nowrap="true">
                   
                  
               </td>
            </tr>
            <tr>
               <td colspan="4" class="detailsBox">
                  <div id="tests.LoginTest_afterMethod_byClass_PASS3_details"
                       class="testMethodDetails">
                     <div>
                        <b>Name: </b>afterMethod
                     </div>
                     <div>
                        <b>Signature: </b>afterMethod()[pri:0, instance:tests.LoginTest@30b6ffe0]
                     </div>
                     <div>
                        <b>Start time: </b>15:47:22
                     </div>
                     <div>
                        <b>End time: </b>15:47:23
                     </div>
                     <div>
                        <b>Duration: </b>908 ms
                        
                     </div>
                  </div>
               </td>
            </tr>
            <tr></tr>
            <tr id="tests.LoginTest_beforeMethod_byClass_PASS4_row"
                class="testMethodStatusPASS testMethodStatusCONF">
               <td width="100%" class="firstMethodCell">
                  <a onclick="toggleDetailsVisibility('tests.LoginTest_beforeMethod_byClass_PASS4_details')">beforeMethod()</a>
               </td>
               <td nowrap="true">15:47:23</td>
               <td nowrap="true" align="right">5s
                  
               </td>
               <td nowrap="true">
                   
                  
               </td>
            </tr>
            <tr>
               <td colspan="4" class="detailsBox">
                  <div id="tests.LoginTest_beforeMethod_byClass_PASS4_details"
                       class="testMethodDetails">
                     <div>
                        <b>Name: </b>beforeMethod
                     </div>
                     <div>
                        <b>Signature: </b>beforeMethod()[pri:0, instance:tests.LoginTest@30b6ffe0]
                     </div>
                     <div>
                        <b>Start time: </b>15:47:23
                     </div>
                     <div>
                        <b>End time: </b>15:47:28
                     </div>
                     <div>
                        <b>Duration: </b>5s
                        
                     </div>
                  </div>
               </td>
            </tr>
            <tr></tr>
            <tr id="tests.LoginTest_loginWithEmptyEmailTest_byClass_PASS5_row"
                class="testMethodStatusPASS">
               <td width="100%" class="firstMethodCell">
                  <a onclick="toggleDetailsVisibility('tests.LoginTest_loginWithEmptyEmailTest_byClass_PASS5_details')">loginWithEmptyEmailTest()</a>
               </td>
               <td nowrap="true">15:47:28</td>
               <td nowrap="true" align="right">2s
                  
               </td>
               <td nowrap="true">
                   
                  
               </td>
            </tr>
            <tr>
               <td colspan="4" class="detailsBox">
                  <div id="tests.LoginTest_loginWithEmptyEmailTest_byClass_PASS5_details"
                       class="testMethodDetails">
                     <div>
                        <b>Name: </b>loginWithEmptyEmailTest
                     </div>
                     <div>
                        <b>Signature: </b>loginWithEmptyEmailTest()[pri:2, instance:tests.LoginTest@30b6ffe0]
                     </div>
                     <div>
                        <b>Start time: </b>15:47:28
                     </div>
                     <div>
                        <b>End time: </b>15:47:31
                     </div>
                     <div>
                        <b>Duration: </b>2s
                        
                     </div>
                  </div>
               </td>
            </tr>
            <tr></tr>
            <tr id="tests.LoginTest_afterMethod_byClass_PASS6_row"
                class="testMethodStatusPASS testMethodStatusCONF">
               <td width="100%" class="firstMethodCell">
                  <a onclick="toggleDetailsVisibility('tests.LoginTest_afterMethod_byClass_PASS6_details')">afterMethod()</a>
               </td>
               <td nowrap="true">15:47:31</td>
               <td nowrap="true" align="right">788 ms
                  
               </td>
               <td nowrap="true">
                   
                  
               </td>
            </tr>
            <tr>
               <td colspan="4" class="detailsBox">
                  <div id="tests.LoginTest_afterMethod_byClass_PASS6_details"
                       class="testMethodDetails">
                     <div>
                        <b>Name: </b>afterMethod
                     </div>
                     <div>
                        <b>Signature: </b>afterMethod()[pri:0, instance:tests.LoginTest@30b6ffe0]
                     </div>
                     <div>
                        <b>Start time: </b>15:47:31
                     </div>
                     <div>
                        <b>End time: </b>15:47:31
                     </div>
                     <div>
                        <b>Duration: </b>788 ms
                        
                     </div>
                  </div>
               </td>
            </tr>
            <tr></tr>
            <tr id="tests.LoginTest_beforeMethod_byClass_PASS7_row"
                class="testMethodStatusPASS testMethodStatusCONF">
               <td width="100%" class="firstMethodCell">
                  <a onclick="toggleDetailsVisibility('tests.LoginTest_beforeMethod_byClass_PASS7_details')">beforeMethod()</a>
               </td>
               <td nowrap="true">15:47:31</td>
               <td nowrap="true" align="right">6s
                  
               </td>
               <td nowrap="true">
                   
                  
               </td>
            </tr>
            <tr>
               <td colspan="4" class="detailsBox">
                  <div id="tests.LoginTest_beforeMethod_byClass_PASS7_details"
                       class="testMethodDetails">
                     <div>
                        <b>Name: </b>beforeMethod
                     </div>
                     <div>
                        <b>Signature: </b>beforeMethod()[pri:0, instance:tests.LoginTest@30b6ffe0]
                     </div>
                     <div>
                        <b>Start time: </b>15:47:31
                     </div>
                     <div>
                        <b>End time: </b>15:47:38
                     </div>
                     <div>
                        <b>Duration: </b>6s
                        
                     </div>
                  </div>
               </td>
            </tr>
            <tr></tr>
            <tr id="tests.LoginTest_loginWithEmptyPasswordTest_byClass_PASS8_row"
                class="testMethodStatusPASS">
               <td width="100%" class="firstMethodCell">
                  <a onclick="toggleDetailsVisibility('tests.LoginTest_loginWithEmptyPasswordTest_byClass_PASS8_details')">loginWithEmptyPasswordTest()</a>
               </td>
               <td nowrap="true">15:47:38</td>
               <td nowrap="true" align="right">2s
                  
               </td>
               <td nowrap="true">
                   
                  
               </td>
            </tr>
            <tr>
               <td colspan="4" class="detailsBox">
                  <div id="tests.LoginTest_loginWithEmptyPasswordTest_byClass_PASS8_details"
                       class="testMethodDetails">
                     <div>
                        <b>Name: </b>loginWithEmptyPasswordTest
                     </div>
                     <div>
                        <b>Signature: </b>loginWithEmptyPasswordTest()[pri:3, instance:tests.LoginTest@30b6ffe0]
                     </div>
                     <div>
                        <b>Start time: </b>15:47:38
                     </div>
                     <div>
                        <b>End time: </b>15:47:40
                     </div>
                     <div>
                        <b>Duration: </b>2s
                        
                     </div>
                  </div>
               </td>
            </tr>
            <tr></tr>
            <tr id="tests.LoginTest_afterMethod_byClass_PASS9_row"
                class="testMethodStatusPASS testMethodStatusCONF">
               <td width="100%" class="firstMethodCell">
                  <a onclick="toggleDetailsVisibility('tests.LoginTest_afterMethod_byClass_PASS9_details')">afterMethod()</a>
               </td>
               <td nowrap="true">15:47:40</td>
               <td nowrap="true" align="right">804 ms
                  
               </td>
               <td nowrap="true">
                   
                  
               </td>
            </tr>
            <tr>
               <td colspan="4" class="detailsBox">
                  <div id="tests.LoginTest_afterMethod_byClass_PASS9_details"
                       class="testMethodDetails">
                     <div>
                        <b>Name: </b>afterMethod
                     </div>
                     <div>
                        <b>Signature: </b>afterMethod()[pri:0, instance:tests.LoginTest@30b6ffe0]
                     </div>
                     <div>
                        <b>Start time: </b>15:47:40
                     </div>
                     <div>
                        <b>End time: </b>15:47:41
                     </div>
                     <div>
                        <b>Duration: </b>804 ms
                        
                     </div>
                  </div>
               </td>
            </tr>
            <tr></tr>
            <tr id="tests.LoginTest_beforeMethod_byClass_PASS10_row"
                class="testMethodStatusPASS testMethodStatusCONF">
               <td width="100%" class="firstMethodCell">
                  <a onclick="toggleDetailsVisibility('tests.LoginTest_beforeMethod_byClass_PASS10_details')">beforeMethod()</a>
               </td>
               <td nowrap="true">15:47:41</td>
               <td nowrap="true" align="right">6s
                  
               </td>
               <td nowrap="true">
                   
                  
               </td>
            </tr>
            <tr>
               <td colspan="4" class="detailsBox">
                  <div id="tests.LoginTest_beforeMethod_byClass_PASS10_details"
                       class="testMethodDetails">
                     <div>
                        <b>Name: </b>beforeMethod
                     </div>
                     <div>
                        <b>Signature: </b>beforeMethod()[pri:0, instance:tests.LoginTest@30b6ffe0]
                     </div>
                     <div>
                        <b>Start time: </b>15:47:41
                     </div>
                     <div>
                        <b>End time: </b>15:47:48
                     </div>
                     <div>
                        <b>Duration: </b>6s
                        
                     </div>
                  </div>
               </td>
            </tr>
            <tr></tr>
            <tr id="tests.LoginTest_loginWithWrongEmailPasswordTest_byClass_FAIL11_row"
                class="testMethodStatusFAIL">
               <td width="100%" class="firstMethodCell">
                  <a onclick="toggleDetailsVisibility('tests.LoginTest_loginWithWrongEmailPasswordTest_byClass_FAIL11_details')">loginWithWrongEmailPasswordTest()</a>
               </td>
               <td nowrap="true">15:47:48</td>
               <td nowrap="true" align="right">2s
                  
               </td>
               <td nowrap="true">
                  <a onclick="toggleDetailsVisibility('tests.LoginTest_loginWithWrongEmailPasswordTest_byClass_FAIL11_exception')">org.openqa.selenium.NoSuchWindowException: 
                     Browsing context has been discarded
                     Build info: version: '4.10.0', revision: 'c14d967899'
                     System info: os.name: 'Mac OS X', os.arch: 'x86_64', os.version: '10.16', java.version: '14.0.2'
                     Driver info: org.openqa.selenium.firefox.FirefoxDriver
                     Command: [e5491a72-a458-4bb4-9638-7ef9083078f4, findElement {using=id, value=globalError}]
                     Capabilities {acceptInsecureCerts: true, browserName: firefox, browserVersion: 116.0.2, moz:accessibilityChecks: false, moz:buildID:
                     20230805021307, moz:debuggerAddress: 127.0.0.1:3901, moz:geckodriverVersion: 0.33.0, moz:headless: false, moz:platformVersion:
                     22.5.0, moz:processID: 58423, moz:profile: /var/folders/45/zb3tjxv94t5..., moz:shutdownTimeout: 60000, moz:webdriverClick:
                     true, moz:windowless: false, pageLoadStrategy: normal, platformName: mac, proxy: Proxy(), se:cdp: ws://127.0.0.1:3901/devtool...,
                     se:cdpVersion: 85.0, setWindowRect: true, strictFileInteractability: false, timeouts: {implicit: 0, pageLoad: 300000, script:
                     30000}, unhandledPromptBehavior: dismiss and notify}
                     Session ID: e5491a72-a458-4bb4-9638-7ef9083078f4
                     
                  </a>
                   
                  
               </td>
            </tr>
            <tr>
               <td colspan="4" class="detailsBox">
                  <div id="tests.LoginTest_loginWithWrongEmailPasswordTest_byClass_FAIL11_details"
                       class="testMethodDetails">
                     <div>
                        <b>Name: </b>loginWithWrongEmailPasswordTest
                     </div>
                     <div>
                        <b>Signature: </b>loginWithWrongEmailPasswordTest()[pri:4, instance:tests.LoginTest@30b6ffe0]
                     </div>
                     <div>
                        <b>Start time: </b>15:47:48
                     </div>
                     <div>
                        <b>End time: </b>15:47:51
                     </div>
                     <div>
                        <b>Duration: </b>2s
                        
                     </div>
                  </div>
               </td>
            </tr>
            <tr>
               <td colspan="4" class="detailsBox">
                  <div id="tests.LoginTest_loginWithWrongEmailPasswordTest_byClass_FAIL11_exception"
                       class="testMethodDetails">
                     <pre style="padding: 5px; margin: 0;">org.openqa.selenium.NoSuchWindowException: Browsing context has been discarded
                        Build info: version: '4.10.0', revision: 'c14d967899'
                        System info: os.name: 'Mac OS X', os.arch: 'x86_64', os.version: '10.16', java.version: '14.0.2'
                        Driver info: org.openqa.selenium.firefox.FirefoxDriver
                        Command: [e5491a72-a458-4bb4-9638-7ef9083078f4, findElement {using=id, value=globalError}]
                        Capabilities {acceptInsecureCerts: true, browserName: firefox, browserVersion: 116.0.2, moz:accessibilityChecks: false, moz:buildID:
                        20230805021307, moz:debuggerAddress: 127.0.0.1:3901, moz:geckodriverVersion: 0.33.0, moz:headless: false, moz:platformVersion:
                        22.5.0, moz:processID: 58423, moz:profile: /var/folders/45/zb3tjxv94t5..., moz:shutdownTimeout: 60000, moz:webdriverClick:
                        true, moz:windowless: false, pageLoadStrategy: normal, platformName: mac, proxy: Proxy(), se:cdp: ws://127.0.0.1:3901/devtool...,
                        se:cdpVersion: 85.0, setWindowRect: true, strictFileInteractability: false, timeouts: {implicit: 0, pageLoad: 300000, script:
                        30000}, unhandledPromptBehavior: dismiss and notify}
                        Session ID: e5491a72-a458-4bb4-9638-7ef9083078f4
                        at java.base/jdk.internal.reflect.NativeConstructorAccessorImpl.newInstance0(Native Method)
                        at java.base/jdk.internal.reflect.NativeConstructorAccessorImpl.newInstance(NativeConstructorAccessorImpl.java:62)
                        at java.base/jdk.internal.reflect.DelegatingConstructorAccessorImpl.newInstance(DelegatingConstructorAccessorImpl.java:45)
                        at java.base/java.lang.reflect.Constructor.newInstanceWithCaller(Constructor.java:500)
                        at java.base/java.lang.reflect.Constructor.newInstance(Constructor.java:481)
                        at org.openqa.selenium.remote.codec.w3c.W3CHttpResponseCodec.createException(W3CHttpResponseCodec.java:199)
                        at org.openqa.selenium.remote.codec.w3c.W3CHttpResponseCodec.decode(W3CHttpResponseCodec.java:132)
                        at org.openqa.selenium.remote.codec.w3c.W3CHttpResponseCodec.decode(W3CHttpResponseCodec.java:51)
                        at org.openqa.selenium.remote.HttpCommandExecutor.execute(HttpCommandExecutor.java:191)
                        at org.openqa.selenium.remote.service.DriverCommandExecutor.invokeExecute(DriverCommandExecutor.java:196)
                        at org.openqa.selenium.remote.service.DriverCommandExecutor.execute(DriverCommandExecutor.java:171)
                        at org.openqa.selenium.remote.RemoteWebDriver.execute(RemoteWebDriver.java:531)
                        at org.openqa.selenium.remote.ElementLocation$ElementFinder$2.findElement(ElementLocation.java:165)
                        at org.openqa.selenium.remote.ElementLocation.findElement(ElementLocation.java:59)
                        at org.openqa.selenium.remote.RemoteWebDriver.findElement(RemoteWebDriver.java:350)
                        at org.openqa.selenium.remote.RemoteWebDriver.findElement(RemoteWebDriver.java:344)
                        at org.openqa.selenium.support.pagefactory.DefaultElementLocator.findElement(DefaultElementLocator.java:68)
                        at org.openqa.selenium.support.pagefactory.internal.LocatingElementHandler.invoke(LocatingElementHandler.java:38)
                        at com.sun.proxy.$Proxy15.getText(Unknown Source)
                        at pages.LoginPage.readGlobalErr(LoginPage.java:90)
                        at tests.LoginTest.loginWithWrongEmailPasswordTest(LoginTest.java:51)
                        at java.base/jdk.internal.reflect.NativeMethodAccessorImpl.invoke0(Native Method)
                        at java.base/jdk.internal.reflect.NativeMethodAccessorImpl.invoke(NativeMethodAccessorImpl.java:62)
                        at java.base/jdk.internal.reflect.DelegatingMethodAccessorImpl.invoke(DelegatingMethodAccessorImpl.java:43)
                        at java.base/java.lang.reflect.Method.invoke(Method.java:564)
                        at org.testng.internal.invokers.MethodInvocationHelper.invokeMethod(MethodInvocationHelper.java:139)
                        at org.testng.internal.invokers.TestInvoker.invokeMethod(TestInvoker.java:664)
                        at org.testng.internal.invokers.TestInvoker.invokeTestMethod(TestInvoker.java:227)
                        at org.testng.internal.invokers.MethodRunner.runInSequence(MethodRunner.java:50)
                        at org.testng.internal.invokers.TestInvoker$MethodInvocationAgent.invoke(TestInvoker.java:957)
                        at org.testng.internal.invokers.TestInvoker.invokeTestMethods(TestInvoker.java:200)
                        at org.testng.internal.invokers.TestMethodWorker.invokeTestMethods(TestMethodWorker.java:148)
                        at org.testng.internal.invokers.TestMethodWorker.run(TestMethodWorker.java:128)
                        at java.base/java.util.ArrayList.forEach(ArrayList.java:1511)
                        at org.testng.TestRunner.privateRun(TestRunner.java:848)
                        at org.testng.TestRunner.run(TestRunner.java:621)
                        at org.testng.SuiteRunner.runTest(SuiteRunner.java:443)
                        at org.testng.SuiteRunner.runSequentially(SuiteRunner.java:437)
                        at org.testng.SuiteRunner.privateRun(SuiteRunner.java:397)
                        at org.testng.SuiteRunner.run(SuiteRunner.java:336)
                        at org.testng.SuiteRunnerWorker.runSuite(SuiteRunnerWorker.java:52)
                        at org.testng.SuiteRunnerWorker.run(SuiteRunnerWorker.java:95)
                        at org.testng.TestNG.runSuitesSequentially(TestNG.java:1280)
                        at org.testng.TestNG.runSuitesLocally(TestNG.java:1200)
                        at org.testng.TestNG.runSuites(TestNG.java:1114)
                        at org.testng.TestNG.run(TestNG.java:1082)
                        at org.testng.remote.AbstractRemoteTestNG.run(AbstractRemoteTestNG.java:115)
                        at org.testng.remote.RemoteTestNG.initAndRun(RemoteTestNG.java:251)
                        at org.testng.remote.RemoteTestNG.main(RemoteTestNG.java:77)
                     </pre>
                  </div>
               </td>
            </tr>
            <tr id="tests.LoginTest_afterMethod_byClass_PASS12_row"
                class="testMethodStatusPASS testMethodStatusCONF">
               <td width="100%" class="firstMethodCell">
                  <a onclick="toggleDetailsVisibility('tests.LoginTest_afterMethod_byClass_PASS12_details')">afterMethod()</a>
               </td>
               <td nowrap="true">15:47:51</td>
               <td nowrap="true" align="right">772 ms
                  
               </td>
               <td nowrap="true">
                   
                  
               </td>
            </tr>
            <tr>
               <td colspan="4" class="detailsBox">
                  <div id="tests.LoginTest_afterMethod_byClass_PASS12_details"
                       class="testMethodDetails">
                     <div>
                        <b>Name: </b>afterMethod
                     </div>
                     <div>
                        <b>Signature: </b>afterMethod()[pri:0, instance:tests.LoginTest@30b6ffe0]
                     </div>
                     <div>
                        <b>Start time: </b>15:47:51
                     </div>
                     <div>
                        <b>End time: </b>15:47:52
                     </div>
                     <div>
                        <b>Duration: </b>772 ms
                        
                     </div>
                  </div>
               </td>
            </tr>
            <tr></tr>
         </table>
         <br></br>
      </div>
      <div style="margin-top: 15px; color: gray; text-align: center; font-size: 9px;">
         Generated with
         
         <a href="http://code.google.com/p/testng-xslt/" style="color: #8888aa;"
            target="_blank">
            TestNG XSLT
            
         </a>
      </div>
   </body>
</html>